Build started 21/09/2015 21:13:18.
     1>Project "E:\OneDrive\Programming\C++ Projects\miniLD62\miniLD62\miniLD62\miniLD62.vcxproj" on node 2 (Build target(s)).
     1>ClCompile:
         C:\Program Files (x86)\Microsoft Visual Studio 11.0\VC\bin\CL.exe /c /ZI /nologo /W3 /WX- /sdl /Od /Oy- /D _MBCS /Gm /EHsc /RTC1 /MDd /GS /fp:precise /Zc:wchar_t /Zc:forScope /Fo"Debug\\" /Fd"Debug\vc110.pdb" /Gd /TP /analyze- /errorReport:prompt src\Game.cpp src\main.cpp src\StartScreen.cpp
         StartScreen.cpp
         Game.cpp
         Generating Code...
         Compiling...
         main.cpp
         Generating Code...
       Link:
         C:\Program Files (x86)\Microsoft Visual Studio 11.0\VC\bin\link.exe /ERRORREPORT:PROMPT /OUT:"E:\OneDrive\Programming\C++ Projects\miniLD62\miniLD62\Debug\miniLD62.exe" /INCREMENTAL /NOLOGO "sfml-graphics-d.lib" "sfml-window-d.lib" "sfml-system-d.lib" "sfml-audio-d.lib" kernel32.lib user32.lib gdi32.lib winspool.lib comdlg32.lib advapi32.lib shell32.lib ole32.lib oleaut32.lib uuid.lib odbc32.lib odbccp32.lib /MANIFEST /MANIFESTUAC:"level='asInvoker' uiAccess='false'" /manifest:embed /DEBUG /PDB:"E:\OneDrive\Programming\C++ Projects\miniLD62\miniLD62\Debug\miniLD62.pdb" /TLBID:1 /DYNAMICBASE /NXCOMPAT /IMPLIB:"E:\OneDrive\Programming\C++ Projects\miniLD62\miniLD62\Debug\miniLD62.lib" /MACHINE:X86 Debug\Game.obj
         Debug\InputHandler.obj
         Debug\main.obj
         Debug\StartScreen.obj
     1>StartScreen.obj : error LNK2001: unresolved external symbol "public: virtual void __thiscall StartScreen::draw(class sf::RenderTarget &,class sf::RenderStates)const " (?draw@StartScreen@@UBEXAAVRenderTarget@sf@@VRenderStates@3@@Z)
     1>E:\OneDrive\Programming\C++ Projects\miniLD62\miniLD62\Debug\miniLD62.exe : fatal error LNK1120: 1 unresolved externals
     1>Done Building Project "E:\OneDrive\Programming\C++ Projects\miniLD62\miniLD62\miniLD62\miniLD62.vcxproj" (Build target(s)) -- FAILED.

Build FAILED.

Time Elapsed 00:00:03.87
