E:\ONEDRIVE\PROGRAMMING\C++ PROJECTS\MINILD62\MINILD62\MINILD62\DEBUG\GAME.OBJ
E:\ONEDRIVE\PROGRAMMING\C++ PROJECTS\MINILD62\MINILD62\MINILD62\DEBUG\INPUTHANDLER.OBJ
E:\ONEDRIVE\PROGRAMMING\C++ PROJECTS\MINILD62\MINILD62\MINILD62\DEBUG\MAIN.OBJ
E:\ONEDRIVE\PROGRAMMING\C++ PROJECTS\MINILD62\MINILD62\MINILD62\DEBUG\VC110.PDB
E:\ONEDRIVE\PROGRAMMING\C++ PROJECTS\MINILD62\MINILD62\MINILD62\DEBUG\STARTSCREEN.OBJ
H:\C++\GAMES\MINILD62\MINILD62\MINILD62\DEBUG\GAME.OBJ
H:\C++\GAMES\MINILD62\MINILD62\MINILD62\DEBUG\INPUTHANDLER.OBJ
H:\C++\GAMES\MINILD62\MINILD62\MINILD62\DEBUG\MAIN.OBJ
H:\C++\GAMES\MINILD62\MINILD62\MINILD62\DEBUG\STARTSCREEN.OBJ
H:\C++\GAMES\MINILD62\MINILD62\MINILD62\DEBUG\VC110.PDB
H:\C++\GAMES\MINILD62\MINILD62\MINILD62\DEBUG\PLAYSCREEN.OBJ
H:\C++\GAMES\MINILD62\MINILD62\MINILD62\DEBUG\EXITSCREEN.OBJ
H:\C++\GAMES\MINILD62\MINILD62\MINILD62\DEBUG\GAMEOVERSCREEN.OBJ
H:\C++\GAMES\MINILD62\MINILD62\MINILD62\DEBUG\ANIMATEDSPRITE.OBJ
H:\C++\GAMES\MINILD62\MINILD62\MINILD62\DEBUG\ANIMATION.OBJ
H:\C++\GAMES\MINILD62\MINILD62\MINILD62\DEBUG\HEALTH.OBJ
H:\C++\GAMES\MINILD62\MINILD62\MINILD62\DEBUG\MOVEABLE.OBJ
H:\C++\GAMES\MINILD62\MINILD62\MINILD62\DEBUG\PLAYER.OBJ
H:\C++\GAMES\MINILD62\MINILD62\MINILD62\DEBUG\BOSS.OBJ
H:\C++\GAMES\MINILD62\MINILD62\MINILD62\DEBUG\PROJECTILE.OBJ
H:\C++\GAMES\MINILD62\MINILD62\MINILD62\DEBUG\DESTROYED.OBJ
H:\C++\GAMES\MINILD62\MINILD62\MINILD62\DEBUG\PROJECTILEHANDLER.OBJ
H:\C++\GAMES\MINILD62\MINILD62\MINILD62\DEBUG\RESOURCES_TEXT.OBJ
H:\C++\GAMES\MINILD62\MINILD62\MINILD62\DEBUG\HUD.OBJ
H:\C++\GAMES\MINILD62\MINILD62\MINILD62\DEBUG\FPSCOUNTER.OBJ
H:\C++\GAMES\MINILD62\MINILD62\MINILD62\DEBUG\EXPLODING_BULLET.OBJ
H:\C++\GAMES\MINILD62\MINILD62\MINILD62\DEBUG\ANIMATEDRECT.OBJ
H:\C++\GAMES\MINILD62\MINILD62\MINILD62\DEBUG\PICKUP.OBJ
H:\C++\GAMES\MINILD62\MINILD62\MINILD62\DEBUG\PICKUPHANDLER.OBJ
E:\ONEDRIVE\PROGRAMMING\C++ PROJECTS\MINILD62\MINILD62\DEBUG\MINILD62.ILK
E:\ONEDRIVE\PROGRAMMING\C++ PROJECTS\MINILD62\MINILD62\DEBUG\MINILD62.EXE
E:\ONEDRIVE\PROGRAMMING\C++ PROJECTS\MINILD62\MINILD62\DEBUG\MINILD62.PDB
H:\C++\GAMES\MINILD62\MINILD62\DEBUG\MINILD62.ILK
H:\C++\GAMES\MINILD62\MINILD62\DEBUG\MINILD62.EXE
H:\C++\GAMES\MINILD62\MINILD62\DEBUG\MINILD62.PDB
H:\C++\Games\miniLD62\miniLD62\miniLD62\Debug\AnimatedRect.obj
H:\C++\Games\miniLD62\miniLD62\miniLD62\Debug\AnimatedSprite.obj
H:\C++\Games\miniLD62\miniLD62\miniLD62\Debug\Animation.obj
H:\C++\Games\miniLD62\miniLD62\miniLD62\Debug\Boss.obj
H:\C++\Games\miniLD62\miniLD62\miniLD62\Debug\Destroyed.obj
H:\C++\Games\miniLD62\miniLD62\miniLD62\Debug\ExitScreen.obj
H:\C++\Games\miniLD62\miniLD62\miniLD62\Debug\Exploding_Bullet.obj
H:\C++\Games\miniLD62\miniLD62\miniLD62\Debug\FPSCounter.obj
H:\C++\Games\miniLD62\miniLD62\miniLD62\Debug\Game.obj
H:\C++\Games\miniLD62\miniLD62\miniLD62\Debug\GameOverScreen.obj
H:\C++\Games\miniLD62\miniLD62\miniLD62\Debug\Health.obj
H:\C++\Games\miniLD62\miniLD62\miniLD62\Debug\Hud.obj
H:\C++\Games\miniLD62\miniLD62\miniLD62\Debug\InputHandler.obj
H:\C++\Games\miniLD62\miniLD62\miniLD62\Debug\main.obj
H:\C++\Games\miniLD62\miniLD62\miniLD62\Debug\Moveable.obj
H:\C++\Games\miniLD62\miniLD62\miniLD62\Debug\Pickup.obj
H:\C++\Games\miniLD62\miniLD62\miniLD62\Debug\PickupHandler.obj
H:\C++\Games\miniLD62\miniLD62\miniLD62\Debug\Player.obj
H:\C++\Games\miniLD62\miniLD62\miniLD62\Debug\PlayScreen.obj
H:\C++\Games\miniLD62\miniLD62\miniLD62\Debug\Projectile.obj
H:\C++\Games\miniLD62\miniLD62\miniLD62\Debug\ProjectileHandler.obj
H:\C++\Games\miniLD62\miniLD62\miniLD62\Debug\Resources_Text.obj
H:\C++\Games\miniLD62\miniLD62\miniLD62\Debug\StartScreen.obj
H:\C++\Games\miniLD62\miniLD62\miniLD62\Debug\cl.command.1.tlog
H:\C++\Games\miniLD62\miniLD62\miniLD62\Debug\CL.read.1.tlog
H:\C++\Games\miniLD62\miniLD62\miniLD62\Debug\CL.write.1.tlog
H:\C++\Games\miniLD62\miniLD62\miniLD62\Debug\link-cvtres.read.1.tlog
H:\C++\Games\miniLD62\miniLD62\miniLD62\Debug\link-cvtres.write.1.tlog
H:\C++\Games\miniLD62\miniLD62\miniLD62\Debug\link-rc.read.1.tlog
H:\C++\Games\miniLD62\miniLD62\miniLD62\Debug\link-rc.write.1.tlog
H:\C++\Games\miniLD62\miniLD62\miniLD62\Debug\link.10120-cvtres.read.1.tlog
H:\C++\Games\miniLD62\miniLD62\miniLD62\Debug\link.10120-cvtres.write.1.tlog
H:\C++\Games\miniLD62\miniLD62\miniLD62\Debug\link.10120-rc.read.1.tlog
H:\C++\Games\miniLD62\miniLD62\miniLD62\Debug\link.10120-rc.write.1.tlog
H:\C++\Games\miniLD62\miniLD62\miniLD62\Debug\link.10120.read.1.tlog
H:\C++\Games\miniLD62\miniLD62\miniLD62\Debug\link.10120.write.1.tlog
H:\C++\Games\miniLD62\miniLD62\miniLD62\Debug\link.10144-cvtres.read.1.tlog
H:\C++\Games\miniLD62\miniLD62\miniLD62\Debug\link.10144-cvtres.write.1.tlog
H:\C++\Games\miniLD62\miniLD62\miniLD62\Debug\link.10144-rc.read.1.tlog
H:\C++\Games\miniLD62\miniLD62\miniLD62\Debug\link.10144-rc.write.1.tlog
H:\C++\Games\miniLD62\miniLD62\miniLD62\Debug\link.10144.read.1.tlog
H:\C++\Games\miniLD62\miniLD62\miniLD62\Debug\link.10144.write.1.tlog
H:\C++\Games\miniLD62\miniLD62\miniLD62\Debug\link.10176-cvtres.read.1.tlog
H:\C++\Games\miniLD62\miniLD62\miniLD62\Debug\link.10176-cvtres.write.1.tlog
H:\C++\Games\miniLD62\miniLD62\miniLD62\Debug\link.10176-rc.read.1.tlog
H:\C++\Games\miniLD62\miniLD62\miniLD62\Debug\link.10176-rc.write.1.tlog
H:\C++\Games\miniLD62\miniLD62\miniLD62\Debug\link.10176.read.1.tlog
H:\C++\Games\miniLD62\miniLD62\miniLD62\Debug\link.10176.write.1.tlog
H:\C++\Games\miniLD62\miniLD62\miniLD62\Debug\link.10428-cvtres.read.1.tlog
H:\C++\Games\miniLD62\miniLD62\miniLD62\Debug\link.10428-cvtres.write.1.tlog
H:\C++\Games\miniLD62\miniLD62\miniLD62\Debug\link.10428-rc.read.1.tlog
H:\C++\Games\miniLD62\miniLD62\miniLD62\Debug\link.10428-rc.write.1.tlog
H:\C++\Games\miniLD62\miniLD62\miniLD62\Debug\link.10428.read.1.tlog
H:\C++\Games\miniLD62\miniLD62\miniLD62\Debug\link.10428.write.1.tlog
H:\C++\Games\miniLD62\miniLD62\miniLD62\Debug\link.10528-cvtres.read.1.tlog
H:\C++\Games\miniLD62\miniLD62\miniLD62\Debug\link.10528-cvtres.write.1.tlog
H:\C++\Games\miniLD62\miniLD62\miniLD62\Debug\link.10528-rc.read.1.tlog
H:\C++\Games\miniLD62\miniLD62\miniLD62\Debug\link.10528-rc.write.1.tlog
H:\C++\Games\miniLD62\miniLD62\miniLD62\Debug\link.10528.read.1.tlog
H:\C++\Games\miniLD62\miniLD62\miniLD62\Debug\link.10528.write.1.tlog
H:\C++\Games\miniLD62\miniLD62\miniLD62\Debug\link.11896-cvtres.read.1.tlog
H:\C++\Games\miniLD62\miniLD62\miniLD62\Debug\link.11896-cvtres.write.1.tlog
H:\C++\Games\miniLD62\miniLD62\miniLD62\Debug\link.11896-rc.read.1.tlog
H:\C++\Games\miniLD62\miniLD62\miniLD62\Debug\link.11896-rc.write.1.tlog
H:\C++\Games\miniLD62\miniLD62\miniLD62\Debug\link.11896.read.1.tlog
H:\C++\Games\miniLD62\miniLD62\miniLD62\Debug\link.11896.write.1.tlog
H:\C++\Games\miniLD62\miniLD62\miniLD62\Debug\link.13060-cvtres.read.1.tlog
H:\C++\Games\miniLD62\miniLD62\miniLD62\Debug\link.13060-cvtres.write.1.tlog
H:\C++\Games\miniLD62\miniLD62\miniLD62\Debug\link.13060-rc.read.1.tlog
H:\C++\Games\miniLD62\miniLD62\miniLD62\Debug\link.13060-rc.write.1.tlog
H:\C++\Games\miniLD62\miniLD62\miniLD62\Debug\link.13060.read.1.tlog
H:\C++\Games\miniLD62\miniLD62\miniLD62\Debug\link.13060.write.1.tlog
H:\C++\Games\miniLD62\miniLD62\miniLD62\Debug\link.15016-cvtres.read.1.tlog
H:\C++\Games\miniLD62\miniLD62\miniLD62\Debug\link.15016-cvtres.write.1.tlog
H:\C++\Games\miniLD62\miniLD62\miniLD62\Debug\link.15016-rc.read.1.tlog
H:\C++\Games\miniLD62\miniLD62\miniLD62\Debug\link.15016-rc.write.1.tlog
H:\C++\Games\miniLD62\miniLD62\miniLD62\Debug\link.15016.read.1.tlog
H:\C++\Games\miniLD62\miniLD62\miniLD62\Debug\link.15016.write.1.tlog
H:\C++\Games\miniLD62\miniLD62\miniLD62\Debug\link.15484-cvtres.read.1.tlog
H:\C++\Games\miniLD62\miniLD62\miniLD62\Debug\link.15484-cvtres.write.1.tlog
H:\C++\Games\miniLD62\miniLD62\miniLD62\Debug\link.15484-rc.read.1.tlog
H:\C++\Games\miniLD62\miniLD62\miniLD62\Debug\link.15484-rc.write.1.tlog
H:\C++\Games\miniLD62\miniLD62\miniLD62\Debug\link.15484.read.1.tlog
H:\C++\Games\miniLD62\miniLD62\miniLD62\Debug\link.15484.write.1.tlog
H:\C++\Games\miniLD62\miniLD62\miniLD62\Debug\link.15920-cvtres.read.1.tlog
H:\C++\Games\miniLD62\miniLD62\miniLD62\Debug\link.15920-cvtres.write.1.tlog
H:\C++\Games\miniLD62\miniLD62\miniLD62\Debug\link.15920-rc.read.1.tlog
H:\C++\Games\miniLD62\miniLD62\miniLD62\Debug\link.15920-rc.write.1.tlog
H:\C++\Games\miniLD62\miniLD62\miniLD62\Debug\link.15920.read.1.tlog
H:\C++\Games\miniLD62\miniLD62\miniLD62\Debug\link.15920.write.1.tlog
H:\C++\Games\miniLD62\miniLD62\miniLD62\Debug\link.16448-cvtres.read.1.tlog
H:\C++\Games\miniLD62\miniLD62\miniLD62\Debug\link.16448-cvtres.write.1.tlog
H:\C++\Games\miniLD62\miniLD62\miniLD62\Debug\link.16448-rc.read.1.tlog
H:\C++\Games\miniLD62\miniLD62\miniLD62\Debug\link.16448-rc.write.1.tlog
H:\C++\Games\miniLD62\miniLD62\miniLD62\Debug\link.16448.read.1.tlog
H:\C++\Games\miniLD62\miniLD62\miniLD62\Debug\link.16448.write.1.tlog
H:\C++\Games\miniLD62\miniLD62\miniLD62\Debug\link.16512-cvtres.read.1.tlog
H:\C++\Games\miniLD62\miniLD62\miniLD62\Debug\link.16512-cvtres.write.1.tlog
H:\C++\Games\miniLD62\miniLD62\miniLD62\Debug\link.16512-rc.read.1.tlog
H:\C++\Games\miniLD62\miniLD62\miniLD62\Debug\link.16512-rc.write.1.tlog
H:\C++\Games\miniLD62\miniLD62\miniLD62\Debug\link.16512.read.1.tlog
H:\C++\Games\miniLD62\miniLD62\miniLD62\Debug\link.16512.write.1.tlog
H:\C++\Games\miniLD62\miniLD62\miniLD62\Debug\link.16752-cvtres.read.1.tlog
H:\C++\Games\miniLD62\miniLD62\miniLD62\Debug\link.16752-cvtres.write.1.tlog
H:\C++\Games\miniLD62\miniLD62\miniLD62\Debug\link.16752-rc.read.1.tlog
H:\C++\Games\miniLD62\miniLD62\miniLD62\Debug\link.16752-rc.write.1.tlog
H:\C++\Games\miniLD62\miniLD62\miniLD62\Debug\link.16752.read.1.tlog
H:\C++\Games\miniLD62\miniLD62\miniLD62\Debug\link.16752.write.1.tlog
H:\C++\Games\miniLD62\miniLD62\miniLD62\Debug\link.16776-cvtres.read.1.tlog
H:\C++\Games\miniLD62\miniLD62\miniLD62\Debug\link.16776-cvtres.write.1.tlog
H:\C++\Games\miniLD62\miniLD62\miniLD62\Debug\link.16776-rc.read.1.tlog
H:\C++\Games\miniLD62\miniLD62\miniLD62\Debug\link.16776-rc.write.1.tlog
H:\C++\Games\miniLD62\miniLD62\miniLD62\Debug\link.16776.read.1.tlog
H:\C++\Games\miniLD62\miniLD62\miniLD62\Debug\link.16776.write.1.tlog
H:\C++\Games\miniLD62\miniLD62\miniLD62\Debug\link.17656-cvtres.read.1.tlog
H:\C++\Games\miniLD62\miniLD62\miniLD62\Debug\link.17656-cvtres.write.1.tlog
H:\C++\Games\miniLD62\miniLD62\miniLD62\Debug\link.17656-rc.read.1.tlog
H:\C++\Games\miniLD62\miniLD62\miniLD62\Debug\link.17656-rc.write.1.tlog
H:\C++\Games\miniLD62\miniLD62\miniLD62\Debug\link.17656.read.1.tlog
H:\C++\Games\miniLD62\miniLD62\miniLD62\Debug\link.17656.write.1.tlog
H:\C++\Games\miniLD62\miniLD62\miniLD62\Debug\link.18288-cvtres.read.1.tlog
H:\C++\Games\miniLD62\miniLD62\miniLD62\Debug\link.18288-cvtres.write.1.tlog
H:\C++\Games\miniLD62\miniLD62\miniLD62\Debug\link.18288-rc.read.1.tlog
H:\C++\Games\miniLD62\miniLD62\miniLD62\Debug\link.18288-rc.write.1.tlog
H:\C++\Games\miniLD62\miniLD62\miniLD62\Debug\link.18288.read.1.tlog
H:\C++\Games\miniLD62\miniLD62\miniLD62\Debug\link.18288.write.1.tlog
H:\C++\Games\miniLD62\miniLD62\miniLD62\Debug\link.18952-cvtres.read.1.tlog
H:\C++\Games\miniLD62\miniLD62\miniLD62\Debug\link.18952-cvtres.write.1.tlog
H:\C++\Games\miniLD62\miniLD62\miniLD62\Debug\link.18952-rc.read.1.tlog
H:\C++\Games\miniLD62\miniLD62\miniLD62\Debug\link.18952-rc.write.1.tlog
H:\C++\Games\miniLD62\miniLD62\miniLD62\Debug\link.18952.read.1.tlog
H:\C++\Games\miniLD62\miniLD62\miniLD62\Debug\link.18952.write.1.tlog
H:\C++\Games\miniLD62\miniLD62\miniLD62\Debug\link.18972-cvtres.read.1.tlog
H:\C++\Games\miniLD62\miniLD62\miniLD62\Debug\link.18972-cvtres.write.1.tlog
H:\C++\Games\miniLD62\miniLD62\miniLD62\Debug\link.18972-rc.read.1.tlog
H:\C++\Games\miniLD62\miniLD62\miniLD62\Debug\link.18972-rc.write.1.tlog
H:\C++\Games\miniLD62\miniLD62\miniLD62\Debug\link.18972.read.1.tlog
H:\C++\Games\miniLD62\miniLD62\miniLD62\Debug\link.18972.write.1.tlog
H:\C++\Games\miniLD62\miniLD62\miniLD62\Debug\link.1944-cvtres.read.1.tlog
H:\C++\Games\miniLD62\miniLD62\miniLD62\Debug\link.1944-cvtres.write.1.tlog
H:\C++\Games\miniLD62\miniLD62\miniLD62\Debug\link.1944-rc.read.1.tlog
H:\C++\Games\miniLD62\miniLD62\miniLD62\Debug\link.1944-rc.write.1.tlog
H:\C++\Games\miniLD62\miniLD62\miniLD62\Debug\link.1944.read.1.tlog
H:\C++\Games\miniLD62\miniLD62\miniLD62\Debug\link.1944.write.1.tlog
H:\C++\Games\miniLD62\miniLD62\miniLD62\Debug\link.19764-cvtres.read.1.tlog
H:\C++\Games\miniLD62\miniLD62\miniLD62\Debug\link.19764-cvtres.write.1.tlog
H:\C++\Games\miniLD62\miniLD62\miniLD62\Debug\link.19764-rc.read.1.tlog
H:\C++\Games\miniLD62\miniLD62\miniLD62\Debug\link.19764-rc.write.1.tlog
H:\C++\Games\miniLD62\miniLD62\miniLD62\Debug\link.19764.read.1.tlog
H:\C++\Games\miniLD62\miniLD62\miniLD62\Debug\link.19764.write.1.tlog
H:\C++\Games\miniLD62\miniLD62\miniLD62\Debug\link.21948-cvtres.read.1.tlog
H:\C++\Games\miniLD62\miniLD62\miniLD62\Debug\link.21948-cvtres.write.1.tlog
H:\C++\Games\miniLD62\miniLD62\miniLD62\Debug\link.21948-rc.read.1.tlog
H:\C++\Games\miniLD62\miniLD62\miniLD62\Debug\link.21948-rc.write.1.tlog
H:\C++\Games\miniLD62\miniLD62\miniLD62\Debug\link.21948.read.1.tlog
H:\C++\Games\miniLD62\miniLD62\miniLD62\Debug\link.21948.write.1.tlog
H:\C++\Games\miniLD62\miniLD62\miniLD62\Debug\link.25540-cvtres.read.1.tlog
H:\C++\Games\miniLD62\miniLD62\miniLD62\Debug\link.25540-cvtres.write.1.tlog
H:\C++\Games\miniLD62\miniLD62\miniLD62\Debug\link.25540-rc.read.1.tlog
H:\C++\Games\miniLD62\miniLD62\miniLD62\Debug\link.25540-rc.write.1.tlog
H:\C++\Games\miniLD62\miniLD62\miniLD62\Debug\link.25540.read.1.tlog
H:\C++\Games\miniLD62\miniLD62\miniLD62\Debug\link.25540.write.1.tlog
H:\C++\Games\miniLD62\miniLD62\miniLD62\Debug\link.27016-cvtres.read.1.tlog
H:\C++\Games\miniLD62\miniLD62\miniLD62\Debug\link.27016-cvtres.write.1.tlog
H:\C++\Games\miniLD62\miniLD62\miniLD62\Debug\link.27016-rc.read.1.tlog
H:\C++\Games\miniLD62\miniLD62\miniLD62\Debug\link.27016-rc.write.1.tlog
H:\C++\Games\miniLD62\miniLD62\miniLD62\Debug\link.27016.read.1.tlog
H:\C++\Games\miniLD62\miniLD62\miniLD62\Debug\link.27016.write.1.tlog
H:\C++\Games\miniLD62\miniLD62\miniLD62\Debug\link.32540-cvtres.read.1.tlog
H:\C++\Games\miniLD62\miniLD62\miniLD62\Debug\link.32540-cvtres.write.1.tlog
H:\C++\Games\miniLD62\miniLD62\miniLD62\Debug\link.32540-rc.read.1.tlog
H:\C++\Games\miniLD62\miniLD62\miniLD62\Debug\link.32540-rc.write.1.tlog
H:\C++\Games\miniLD62\miniLD62\miniLD62\Debug\link.32540.read.1.tlog
H:\C++\Games\miniLD62\miniLD62\miniLD62\Debug\link.32540.write.1.tlog
H:\C++\Games\miniLD62\miniLD62\miniLD62\Debug\link.34060-cvtres.read.1.tlog
H:\C++\Games\miniLD62\miniLD62\miniLD62\Debug\link.34060-cvtres.write.1.tlog
H:\C++\Games\miniLD62\miniLD62\miniLD62\Debug\link.34060-rc.read.1.tlog
H:\C++\Games\miniLD62\miniLD62\miniLD62\Debug\link.34060-rc.write.1.tlog
H:\C++\Games\miniLD62\miniLD62\miniLD62\Debug\link.34060.read.1.tlog
H:\C++\Games\miniLD62\miniLD62\miniLD62\Debug\link.34060.write.1.tlog
H:\C++\Games\miniLD62\miniLD62\miniLD62\Debug\link.34672-cvtres.read.1.tlog
H:\C++\Games\miniLD62\miniLD62\miniLD62\Debug\link.34672-cvtres.write.1.tlog
H:\C++\Games\miniLD62\miniLD62\miniLD62\Debug\link.34672-rc.read.1.tlog
H:\C++\Games\miniLD62\miniLD62\miniLD62\Debug\link.34672-rc.write.1.tlog
H:\C++\Games\miniLD62\miniLD62\miniLD62\Debug\link.34672.read.1.tlog
H:\C++\Games\miniLD62\miniLD62\miniLD62\Debug\link.34672.write.1.tlog
H:\C++\Games\miniLD62\miniLD62\miniLD62\Debug\link.35588-cvtres.read.1.tlog
H:\C++\Games\miniLD62\miniLD62\miniLD62\Debug\link.35588-cvtres.write.1.tlog
H:\C++\Games\miniLD62\miniLD62\miniLD62\Debug\link.35588-rc.read.1.tlog
H:\C++\Games\miniLD62\miniLD62\miniLD62\Debug\link.35588-rc.write.1.tlog
H:\C++\Games\miniLD62\miniLD62\miniLD62\Debug\link.35588.read.1.tlog
H:\C++\Games\miniLD62\miniLD62\miniLD62\Debug\link.35588.write.1.tlog
H:\C++\Games\miniLD62\miniLD62\miniLD62\Debug\link.35968-cvtres.read.1.tlog
H:\C++\Games\miniLD62\miniLD62\miniLD62\Debug\link.35968-cvtres.write.1.tlog
H:\C++\Games\miniLD62\miniLD62\miniLD62\Debug\link.35968-rc.read.1.tlog
H:\C++\Games\miniLD62\miniLD62\miniLD62\Debug\link.35968-rc.write.1.tlog
H:\C++\Games\miniLD62\miniLD62\miniLD62\Debug\link.35968.read.1.tlog
H:\C++\Games\miniLD62\miniLD62\miniLD62\Debug\link.35968.write.1.tlog
H:\C++\Games\miniLD62\miniLD62\miniLD62\Debug\link.36648-cvtres.read.1.tlog
H:\C++\Games\miniLD62\miniLD62\miniLD62\Debug\link.36648-cvtres.write.1.tlog
H:\C++\Games\miniLD62\miniLD62\miniLD62\Debug\link.36648-rc.read.1.tlog
H:\C++\Games\miniLD62\miniLD62\miniLD62\Debug\link.36648-rc.write.1.tlog
H:\C++\Games\miniLD62\miniLD62\miniLD62\Debug\link.36648.read.1.tlog
H:\C++\Games\miniLD62\miniLD62\miniLD62\Debug\link.36648.write.1.tlog
H:\C++\Games\miniLD62\miniLD62\miniLD62\Debug\link.38584-cvtres.read.1.tlog
H:\C++\Games\miniLD62\miniLD62\miniLD62\Debug\link.38584-cvtres.write.1.tlog
H:\C++\Games\miniLD62\miniLD62\miniLD62\Debug\link.38584-rc.read.1.tlog
H:\C++\Games\miniLD62\miniLD62\miniLD62\Debug\link.38584-rc.write.1.tlog
H:\C++\Games\miniLD62\miniLD62\miniLD62\Debug\link.38584.read.1.tlog
H:\C++\Games\miniLD62\miniLD62\miniLD62\Debug\link.38584.write.1.tlog
H:\C++\Games\miniLD62\miniLD62\miniLD62\Debug\link.4044-cvtres.read.1.tlog
H:\C++\Games\miniLD62\miniLD62\miniLD62\Debug\link.4044-cvtres.write.1.tlog
H:\C++\Games\miniLD62\miniLD62\miniLD62\Debug\link.4044-rc.read.1.tlog
H:\C++\Games\miniLD62\miniLD62\miniLD62\Debug\link.4044-rc.write.1.tlog
H:\C++\Games\miniLD62\miniLD62\miniLD62\Debug\link.4044.read.1.tlog
H:\C++\Games\miniLD62\miniLD62\miniLD62\Debug\link.4044.write.1.tlog
H:\C++\Games\miniLD62\miniLD62\miniLD62\Debug\link.4500-cvtres.read.1.tlog
H:\C++\Games\miniLD62\miniLD62\miniLD62\Debug\link.4500-cvtres.write.1.tlog
H:\C++\Games\miniLD62\miniLD62\miniLD62\Debug\link.4500-rc.read.1.tlog
H:\C++\Games\miniLD62\miniLD62\miniLD62\Debug\link.4500-rc.write.1.tlog
H:\C++\Games\miniLD62\miniLD62\miniLD62\Debug\link.4500.read.1.tlog
H:\C++\Games\miniLD62\miniLD62\miniLD62\Debug\link.4500.write.1.tlog
H:\C++\Games\miniLD62\miniLD62\miniLD62\Debug\link.45564-cvtres.read.1.tlog
H:\C++\Games\miniLD62\miniLD62\miniLD62\Debug\link.45564-cvtres.write.1.tlog
H:\C++\Games\miniLD62\miniLD62\miniLD62\Debug\link.45564-rc.read.1.tlog
H:\C++\Games\miniLD62\miniLD62\miniLD62\Debug\link.45564-rc.write.1.tlog
H:\C++\Games\miniLD62\miniLD62\miniLD62\Debug\link.45564.read.1.tlog
H:\C++\Games\miniLD62\miniLD62\miniLD62\Debug\link.45564.write.1.tlog
H:\C++\Games\miniLD62\miniLD62\miniLD62\Debug\link.45700-cvtres.read.1.tlog
H:\C++\Games\miniLD62\miniLD62\miniLD62\Debug\link.45700-cvtres.write.1.tlog
H:\C++\Games\miniLD62\miniLD62\miniLD62\Debug\link.45700-rc.read.1.tlog
H:\C++\Games\miniLD62\miniLD62\miniLD62\Debug\link.45700-rc.write.1.tlog
H:\C++\Games\miniLD62\miniLD62\miniLD62\Debug\link.45700.read.1.tlog
H:\C++\Games\miniLD62\miniLD62\miniLD62\Debug\link.45700.write.1.tlog
H:\C++\Games\miniLD62\miniLD62\miniLD62\Debug\link.46800-cvtres.read.1.tlog
H:\C++\Games\miniLD62\miniLD62\miniLD62\Debug\link.46800-cvtres.write.1.tlog
H:\C++\Games\miniLD62\miniLD62\miniLD62\Debug\link.46800-rc.read.1.tlog
H:\C++\Games\miniLD62\miniLD62\miniLD62\Debug\link.46800-rc.write.1.tlog
H:\C++\Games\miniLD62\miniLD62\miniLD62\Debug\link.46800.read.1.tlog
H:\C++\Games\miniLD62\miniLD62\miniLD62\Debug\link.46800.write.1.tlog
H:\C++\Games\miniLD62\miniLD62\miniLD62\Debug\link.49268-cvtres.read.1.tlog
H:\C++\Games\miniLD62\miniLD62\miniLD62\Debug\link.49268-cvtres.write.1.tlog
H:\C++\Games\miniLD62\miniLD62\miniLD62\Debug\link.49268-rc.read.1.tlog
H:\C++\Games\miniLD62\miniLD62\miniLD62\Debug\link.49268-rc.write.1.tlog
H:\C++\Games\miniLD62\miniLD62\miniLD62\Debug\link.49268.read.1.tlog
H:\C++\Games\miniLD62\miniLD62\miniLD62\Debug\link.49268.write.1.tlog
H:\C++\Games\miniLD62\miniLD62\miniLD62\Debug\link.8672-cvtres.read.1.tlog
H:\C++\Games\miniLD62\miniLD62\miniLD62\Debug\link.8672-cvtres.write.1.tlog
H:\C++\Games\miniLD62\miniLD62\miniLD62\Debug\link.8672-rc.read.1.tlog
H:\C++\Games\miniLD62\miniLD62\miniLD62\Debug\link.8672-rc.write.1.tlog
H:\C++\Games\miniLD62\miniLD62\miniLD62\Debug\link.8672.read.1.tlog
H:\C++\Games\miniLD62\miniLD62\miniLD62\Debug\link.8672.write.1.tlog
H:\C++\Games\miniLD62\miniLD62\miniLD62\Debug\link.89156-cvtres.read.1.tlog
H:\C++\Games\miniLD62\miniLD62\miniLD62\Debug\link.89156-cvtres.write.1.tlog
H:\C++\Games\miniLD62\miniLD62\miniLD62\Debug\link.89156-rc.read.1.tlog
H:\C++\Games\miniLD62\miniLD62\miniLD62\Debug\link.89156-rc.write.1.tlog
H:\C++\Games\miniLD62\miniLD62\miniLD62\Debug\link.89156.read.1.tlog
H:\C++\Games\miniLD62\miniLD62\miniLD62\Debug\link.89156.write.1.tlog
H:\C++\Games\miniLD62\miniLD62\miniLD62\Debug\link.90832-cvtres.read.1.tlog
H:\C++\Games\miniLD62\miniLD62\miniLD62\Debug\link.90832-cvtres.write.1.tlog
H:\C++\Games\miniLD62\miniLD62\miniLD62\Debug\link.90832-rc.read.1.tlog
H:\C++\Games\miniLD62\miniLD62\miniLD62\Debug\link.90832-rc.write.1.tlog
H:\C++\Games\miniLD62\miniLD62\miniLD62\Debug\link.90832.read.1.tlog
H:\C++\Games\miniLD62\miniLD62\miniLD62\Debug\link.90832.write.1.tlog
H:\C++\Games\miniLD62\miniLD62\miniLD62\Debug\link.91588-cvtres.read.1.tlog
H:\C++\Games\miniLD62\miniLD62\miniLD62\Debug\link.91588-cvtres.write.1.tlog
H:\C++\Games\miniLD62\miniLD62\miniLD62\Debug\link.91588-rc.read.1.tlog
H:\C++\Games\miniLD62\miniLD62\miniLD62\Debug\link.91588-rc.write.1.tlog
H:\C++\Games\miniLD62\miniLD62\miniLD62\Debug\link.91588.read.1.tlog
H:\C++\Games\miniLD62\miniLD62\miniLD62\Debug\link.91588.write.1.tlog
H:\C++\Games\miniLD62\miniLD62\miniLD62\Debug\link.92940-cvtres.read.1.tlog
H:\C++\Games\miniLD62\miniLD62\miniLD62\Debug\link.92940-cvtres.write.1.tlog
H:\C++\Games\miniLD62\miniLD62\miniLD62\Debug\link.92940-rc.read.1.tlog
H:\C++\Games\miniLD62\miniLD62\miniLD62\Debug\link.92940-rc.write.1.tlog
H:\C++\Games\miniLD62\miniLD62\miniLD62\Debug\link.92940.read.1.tlog
H:\C++\Games\miniLD62\miniLD62\miniLD62\Debug\link.92940.write.1.tlog
H:\C++\Games\miniLD62\miniLD62\miniLD62\Debug\link.command.1.tlog
H:\C++\Games\miniLD62\miniLD62\miniLD62\Debug\link.read.1.tlog
H:\C++\Games\miniLD62\miniLD62\miniLD62\Debug\link.write.1.tlog
H:\C++\Games\miniLD62\miniLD62\miniLD62\Debug\vc110.idb
H:\C++\Games\miniLD62\miniLD62\miniLD62\Debug\vc110.pdb
H:\C++\Games\miniLD62\miniLD62\Debug\miniLD62.pdb
H:\C++\Games\miniLD62\miniLD62\Debug\miniLD62.exe
H:\C++\Games\miniLD62\miniLD62\Debug\miniLD62.ilk
