H:\C++\GAMES\MINILD62\MINILD62\MINILD62\RELEASE\PROJECTILE.OBJ
H:\C++\GAMES\MINILD62\MINILD62\MINILD62\RELEASE\PLAYSCREEN.OBJ
H:\C++\GAMES\MINILD62\MINILD62\MINILD62\RELEASE\PLAYER.OBJ
H:\C++\GAMES\MINILD62\MINILD62\MINILD62\RELEASE\PICKUP.OBJ
H:\C++\GAMES\MINILD62\MINILD62\MINILD62\RELEASE\MOVEABLE.OBJ
H:\C++\GAMES\MINILD62\MINILD62\MINILD62\RELEASE\MAIN.OBJ
H:\C++\GAMES\MINILD62\MINILD62\MINILD62\RELEASE\INPUTHANDLER.OBJ
H:\C++\GAMES\MINILD62\MINILD62\MINILD62\RELEASE\HUD.OBJ
H:\C++\GAMES\MINILD62\MINILD62\MINILD62\RELEASE\HEALTH.OBJ
H:\C++\GAMES\MINILD62\MINILD62\MINILD62\RELEASE\GAMEOVERSCREEN.OBJ
H:\C++\GAMES\MINILD62\MINILD62\MINILD62\RELEASE\GAME.OBJ
H:\C++\GAMES\MINILD62\MINILD62\MINILD62\RELEASE\FPSCOUNTER.OBJ
H:\C++\GAMES\MINILD62\MINILD62\MINILD62\RELEASE\EXPLODING_BULLET.OBJ
H:\C++\GAMES\MINILD62\MINILD62\MINILD62\RELEASE\EXITSCREEN.OBJ
H:\C++\GAMES\MINILD62\MINILD62\MINILD62\RELEASE\DESTROYED.OBJ
H:\C++\GAMES\MINILD62\MINILD62\MINILD62\RELEASE\BOSS.OBJ
H:\C++\GAMES\MINILD62\MINILD62\MINILD62\RELEASE\ANIMATION.OBJ
H:\C++\GAMES\MINILD62\MINILD62\MINILD62\RELEASE\ANIMATEDSPRITE.OBJ
H:\C++\GAMES\MINILD62\MINILD62\MINILD62\RELEASE\ANIMATEDRECT.OBJ
H:\C++\GAMES\MINILD62\MINILD62\MINILD62\RELEASE\PICKUPHANDLER.OBJ
H:\C++\GAMES\MINILD62\MINILD62\MINILD62\RELEASE\STARTSCREEN.OBJ
H:\C++\GAMES\MINILD62\MINILD62\MINILD62\RELEASE\RESOURCES_TEXT.OBJ
H:\C++\GAMES\MINILD62\MINILD62\MINILD62\RELEASE\PROJECTILEHANDLER.OBJ
H:\C++\GAMES\MINILD62\MINILD62\MINILD62\RELEASE\VC110.PDB
H:\C++\GAMES\MINILD62\MINILD62\RELEASE\MINILD62.EXE
H:\C++\GAMES\MINILD62\MINILD62\RELEASE\MINILD62.PDB
H:\C++\Games\miniLD62\miniLD62\miniLD62\Release\AnimatedRect.obj
H:\C++\Games\miniLD62\miniLD62\miniLD62\Release\AnimatedSprite.obj
H:\C++\Games\miniLD62\miniLD62\miniLD62\Release\Animation.obj
H:\C++\Games\miniLD62\miniLD62\miniLD62\Release\Boss.obj
H:\C++\Games\miniLD62\miniLD62\miniLD62\Release\Destroyed.obj
H:\C++\Games\miniLD62\miniLD62\miniLD62\Release\ExitScreen.obj
H:\C++\Games\miniLD62\miniLD62\miniLD62\Release\Exploding_Bullet.obj
H:\C++\Games\miniLD62\miniLD62\miniLD62\Release\FPSCounter.obj
H:\C++\Games\miniLD62\miniLD62\miniLD62\Release\Game.obj
H:\C++\Games\miniLD62\miniLD62\miniLD62\Release\GameOverScreen.obj
H:\C++\Games\miniLD62\miniLD62\miniLD62\Release\Health.obj
H:\C++\Games\miniLD62\miniLD62\miniLD62\Release\Hud.obj
H:\C++\Games\miniLD62\miniLD62\miniLD62\Release\InputHandler.obj
H:\C++\Games\miniLD62\miniLD62\miniLD62\Release\main.obj
H:\C++\Games\miniLD62\miniLD62\miniLD62\Release\Moveable.obj
H:\C++\Games\miniLD62\miniLD62\miniLD62\Release\Pickup.obj
H:\C++\Games\miniLD62\miniLD62\miniLD62\Release\PickupHandler.obj
H:\C++\Games\miniLD62\miniLD62\miniLD62\Release\Player.obj
H:\C++\Games\miniLD62\miniLD62\miniLD62\Release\PlayScreen.obj
H:\C++\Games\miniLD62\miniLD62\miniLD62\Release\Projectile.obj
H:\C++\Games\miniLD62\miniLD62\miniLD62\Release\ProjectileHandler.obj
H:\C++\Games\miniLD62\miniLD62\miniLD62\Release\Resources_Text.obj
H:\C++\Games\miniLD62\miniLD62\miniLD62\Release\StartScreen.obj
H:\C++\Games\miniLD62\miniLD62\miniLD62\Release\cl.command.1.tlog
H:\C++\Games\miniLD62\miniLD62\miniLD62\Release\CL.read.1.tlog
H:\C++\Games\miniLD62\miniLD62\miniLD62\Release\CL.write.1.tlog
H:\C++\Games\miniLD62\miniLD62\miniLD62\Release\link-cvtres.read.1.tlog
H:\C++\Games\miniLD62\miniLD62\miniLD62\Release\link-cvtres.write.1.tlog
H:\C++\Games\miniLD62\miniLD62\miniLD62\Release\link-rc.read.1.tlog
H:\C++\Games\miniLD62\miniLD62\miniLD62\Release\link-rc.write.1.tlog
H:\C++\Games\miniLD62\miniLD62\miniLD62\Release\link.command.1.tlog
H:\C++\Games\miniLD62\miniLD62\miniLD62\Release\link.read.1.tlog
H:\C++\Games\miniLD62\miniLD62\miniLD62\Release\link.write.1.tlog
H:\C++\Games\miniLD62\miniLD62\miniLD62\Release\vc110.pdb
H:\C++\Games\miniLD62\miniLD62\Release\miniLD62.pdb
H:\C++\Games\miniLD62\miniLD62\Release\miniLD62.exe
