Build started 28/09/2015 04:44:22.
     1>Project "H:\C++\Games\miniLD62\miniLD62\miniLD62\miniLD62.vcxproj" on node 2 (Build target(s)).
     1>Link:
         C:\Program Files (x86)\Microsoft Visual Studio 11.0\VC\bin\link.exe /ERRORREPORT:PROMPT /OUT:"H:\C++\Games\miniLD62\miniLD62\Release\miniLD62.exe" /NOLOGO "sfml-graphics.lib" "sfml-audio.lib" "sfml-window.lib" "sfml-system.lib" kernel32.lib user32.lib gdi32.lib winspool.lib comdlg32.lib advapi32.lib shell32.lib ole32.lib oleaut32.lib uuid.lib odbc32.lib odbccp32.lib /MANIFEST /MANIFESTUAC:"level='asInvoker' uiAccess='false'" /manifest:embed /DEBUG /PDB:"H:\C++\Games\miniLD62\miniLD62\Release\miniLD62.pdb" /OPT:REF /OPT:ICF /LTCG /TLBID:1 /DYNAMICBASE /NXCOMPAT /IMPLIB:"H:\C++\Games\miniLD62\miniLD62\Release\miniLD62.lib" /MACHINE:X86 /SAFESEH Release\PickupHandler.obj
         Release\AnimatedRect.obj
         Release\AnimatedSprite.obj
         Release\Animation.obj
         Release\Boss.obj
         Release\Destroyed.obj
         Release\ExitScreen.obj
         Release\Exploding_Bullet.obj
         Release\FPSCounter.obj
         Release\Game.obj
         Release\GameOverScreen.obj
         Release\Health.obj
         Release\Hud.obj
         Release\InputHandler.obj
         Release\main.obj
         Release\Moveable.obj
         Release\Pickup.obj
         Release\Player.obj
         Release\PlayScreen.obj
         Release\Projectile.obj
         Release\ProjectileHandler.obj
         Release\Resources_Text.obj
         Release\StartScreen.obj
         Generating code
         Finished generating code
         miniLD62.vcxproj -> H:\C++\Games\miniLD62\miniLD62\Release\miniLD62.exe
     1>Done Building Project "H:\C++\Games\miniLD62\miniLD62\miniLD62\miniLD62.vcxproj" (Build target(s)).

Build succeeded.

Time Elapsed 00:00:01.68
